SF:lib/features/core/domain/fresh.dart
DA:13,6
DA:15,2
LF:2
LH:2
end_of_record
SF:lib/features/posts/data/data_source/local/posts_local_data_source.dart
DA:15,2
DA:18,0
DA:20,0
DA:21,0
DA:22,0
DA:23,0
DA:29,2
DA:31,4
DA:32,8
DA:33,8
LF:10
LH:5
end_of_record
SF:lib/features/posts/data/data_source/remote/posts_remote_data_source.dart
DA:16,1
DA:20,1
DA:23,1
DA:25,2
DA:27,1
DA:29,1
DA:30,0
DA:31,0
DA:32,0
DA:34,0
DA:35,0
DA:36,0
DA:37,1
DA:40,1
DA:42,2
DA:45,1
DA:46,4
DA:48,1
DA:49,3
LF:19
LH:13
end_of_record
SF:lib/features/posts/data/model/posts_model.dart
DA:9,3
DA:16,3
DA:17,3
DA:19,5
LF:4
LH:4
end_of_record
SF:lib/features/posts/data/model/posts_model.g.dart
DA:9,3
DA:10,3
DA:11,3
DA:12,3
DA:13,3
DA:16,0
DA:17,0
DA:18,0
DA:19,0
DA:20,0
LF:10
LH:5
end_of_record
SF:lib/features/posts/data/repository/posts_repository_impl.dart
DA:16,1
DA:18,1
DA:20,2
DA:22,1
DA:23,1
DA:24,4
DA:25,2
DA:26,3
DA:28,1
DA:29,2
DA:30,3
DA:32,1
DA:33,2
DA:34,1
DA:37,3
DA:39,1
DA:40,3
DA:47,5
LF:18
LH:18
end_of_record
SF:lib/features/posts/domain/usecases/get_posts.dart
DA:12,1
DA:16,1
DA:18,2
LF:3
LH:3
end_of_record
SF:lib/features/core/api/api_paths.dart
DA:8,1
DA:9,1
LF:2
LH:2
end_of_record
SF:lib/features/core/data/local/hive_database.dart
DA:7,0
DA:8,0
DA:9,0
DA:10,0
LF:4
LH:0
end_of_record
SF:lib/features/core/data/local/response_header_cache.dart
DA:6,0
DA:7,0
DA:8,0
DA:9,0
DA:10,0
DA:14,0
DA:15,0
DA:16,0
LF:8
LH:0
end_of_record
SF:lib/features/core/data/model/response_header.dart
DA:11,0
DA:16,0
DA:17,0
DA:19,0
DA:20,0
DA:22,0
LF:6
LH:0
end_of_record
SF:lib/features/core/data/model/response_header.g.dart
DA:9,0
DA:10,0
DA:11,0
DA:12,0
DA:15,0
DA:16,0
DA:17,0
DA:18,0
LF:8
LH:0
end_of_record
SF:lib/features/core/data/local/sqflite_database.dart
DA:6,4
DA:8,2
DA:9,2
DA:15,0
DA:16,0
DA:17,0
DA:18,0
DA:20,0
DA:21,0
DA:26,0
DA:32,0
DA:33,0
LF:12
LH:3
end_of_record
SF:lib/features/posts/presentation/bloc/posts_bloc.dart
DA:11,5
DA:12,1
DA:13,1
DA:14,4
DA:16,3
DA:18,1
DA:19,4
DA:20,1
DA:21,2
DA:22,1
DA:23,3
DA:24,3
DA:25,1
DA:31,1
DA:40,1
DA:41,1
LF:16
LH:16
end_of_record
